20/06/2017 02:02:03 PM None
20/06/2017 02:02:16 PM Reading checkpoints
20/06/2017 02:02:16 PM Restoring parameters from checkpoint/celebA_64_64_64/celebA-dcgan.model-2
20/06/2017 02:02:18 PM Success finding celebA-dcgan.model-2
20/06/2017 02:02:18 PM Loaded checkpoint
20/06/2017 02:23:29 PM Epoch: [ 0] [3164/3165] time: 1273.0494, dis_loss: 0.32416642, gen_loss: 3.38672018
20/06/2017 02:44:33 PM Epoch: [ 1] [3164/3165] time: 2536.6881, dis_loss: 2.72431278, gen_loss: 0.12039591
20/06/2017 03:05:39 PM Epoch: [ 2] [3164/3165] time: 3802.1846, dis_loss: 0.04795213, gen_loss: 3.94981027
20/06/2017 03:26:48 PM Epoch: [ 3] [3164/3165] time: 5071.1005, dis_loss: 0.22485432, gen_loss: 2.12405348
20/06/2017 03:47:52 PM Epoch: [ 4] [3164/3165] time: 6335.9013, dis_loss: 1.35049164, gen_loss: 0.40676457
20/06/2017 04:08:54 PM Epoch: [ 5] [3164/3165] time: 7597.9389, dis_loss: 0.07052018, gen_loss: 8.36449528
20/06/2017 04:29:53 PM Epoch: [ 6] [3164/3165] time: 8856.2150, dis_loss: 0.02369612, gen_loss: 6.85701084
20/06/2017 04:43:14 PM None
20/06/2017 04:43:24 PM Reading checkpoints
20/06/2017 04:43:25 PM Restoring parameters from checkpoint/celebA_64_64_64/celebA-dcgan.model-2
20/06/2017 04:43:25 PM Success finding celebA-dcgan.model-2
20/06/2017 04:43:25 PM Loaded checkpoint
20/06/2017 04:52:28 PM Epoch: [ 7] [3164/3165] time: 10211.5655, dis_loss: 0.13356636, gen_loss: 2.63816595
20/06/2017 05:08:56 PM Epoch: [ 0] [3164/3165] time: 1531.5146, dis_loss: 0.29211852, gen_loss: 3.42778468
20/06/2017 05:17:51 PM Epoch: [ 8] [3164/3165] time: 11734.2706, dis_loss: 1.98465109, gen_loss: 0.21720122
20/06/2017 05:34:25 PM Epoch: [ 1] [3164/3165] time: 3060.2524, dis_loss: 3.03947783, gen_loss: 0.07422359
20/06/2017 05:43:21 PM Epoch: [ 9] [3164/3165] time: 13264.3574, dis_loss: 0.18936545, gen_loss: 14.61776829
20/06/2017 05:59:53 PM Epoch: [ 2] [3164/3165] time: 4588.4307, dis_loss: 0.08217804, gen_loss: 4.21067619
20/06/2017 06:08:51 PM Epoch: [10] [3164/3165] time: 14794.9921, dis_loss: 0.01657569, gen_loss: 13.67956352
20/06/2017 06:25:14 PM Epoch: [ 3] [3164/3165] time: 6109.2157, dis_loss: 0.21149887, gen_loss: 2.12738037
20/06/2017 06:34:03 PM Epoch: [11] [3164/3165] time: 16306.4677, dis_loss: 0.00555820, gen_loss: 7.08046818
20/06/2017 06:50:08 PM Epoch: [ 4] [3164/3165] time: 7603.9352, dis_loss: 1.43263662, gen_loss: 0.40859121
20/06/2017 06:59:02 PM Epoch: [12] [3164/3165] time: 17805.3476, dis_loss: 1.63536096, gen_loss: 0.37447336
20/06/2017 07:15:12 PM Epoch: [ 5] [3164/3165] time: 9107.1495, dis_loss: 0.04356119, gen_loss: 7.44997263
20/06/2017 07:23:57 PM Epoch: [13] [3164/3165] time: 19300.9821, dis_loss: 0.07058884, gen_loss: 14.47506332
20/06/2017 07:39:32 PM Epoch: [ 6] [3164/3165] time: 10567.9209, dis_loss: 0.02598439, gen_loss: 5.83719635
20/06/2017 07:48:12 PM Epoch: [14] [3164/3165] time: 20756.0012, dis_loss: 0.04860112, gen_loss: 14.60260773
20/06/2017 08:03:46 PM Epoch: [ 7] [3164/3165] time: 12021.6030, dis_loss: 0.33449489, gen_loss: 1.71097791
20/06/2017 08:12:34 PM Epoch: [15] [3164/3165] time: 22218.0570, dis_loss: 0.01167280, gen_loss: 8.84111309
20/06/2017 08:28:07 PM Epoch: [ 8] [3164/3165] time: 13482.6683, dis_loss: 0.39664307, gen_loss: 1.48392630
20/06/2017 08:36:51 PM Epoch: [16] [3164/3165] time: 23674.9067, dis_loss: 0.64567155, gen_loss: 1.06406403
20/06/2017 08:52:11 PM Epoch: [ 9] [3164/3165] time: 14926.5105, dis_loss: 0.04809054, gen_loss: 4.65405989
20/06/2017 09:00:57 PM Epoch: [17] [3164/3165] time: 25121.0350, dis_loss: 0.02891087, gen_loss: 7.98056030
20/06/2017 09:16:18 PM Epoch: [10] [3164/3165] time: 16373.4749, dis_loss: 0.29052514, gen_loss: 1.95458031
20/06/2017 09:25:29 PM Epoch: [18] [3164/3165] time: 26592.6671, dis_loss: 0.03063492, gen_loss: 6.29105854
20/06/2017 09:40:29 PM Epoch: [11] [3164/3165] time: 17824.8378, dis_loss: 0.57510793, gen_loss: 1.08848906
20/06/2017 09:48:35 PM Epoch: [19] [3164/3165] time: 27978.9186, dis_loss: 0.61362177, gen_loss: 1.08451903
20/06/2017 10:04:06 PM Epoch: [12] [3164/3165] time: 19241.3802, dis_loss: 0.19213095, gen_loss: 12.54654503
20/06/2017 10:12:29 PM Epoch: [20] [3164/3165] time: 29412.8899, dis_loss: 0.04883675, gen_loss: 8.91333771
20/06/2017 10:28:31 PM Epoch: [13] [3164/3165] time: 20706.9012, dis_loss: 0.00305023, gen_loss: 9.36876297
20/06/2017 10:37:14 PM Epoch: [21] [3164/3165] time: 30897.9304, dis_loss: 0.01902623, gen_loss: 6.96448183
20/06/2017 10:53:27 PM Epoch: [14] [3164/3165] time: 22202.2309, dis_loss: 0.18088928, gen_loss: 2.23829412
20/06/2017 11:02:07 PM Epoch: [22] [3164/3165] time: 32390.9567, dis_loss: 0.39757681, gen_loss: 1.35404229
20/06/2017 11:17:56 PM Epoch: [15] [3164/3165] time: 23671.2327, dis_loss: 0.84580153, gen_loss: 0.72293770
20/06/2017 11:26:33 PM Epoch: [23] [3164/3165] time: 33856.1801, dis_loss: 0.02465805, gen_loss: 8.36336136
20/06/2017 11:42:35 PM Epoch: [16] [3164/3165] time: 25150.9488, dis_loss: 0.01024794, gen_loss: 15.59198189
20/06/2017 11:50:15 PM None
20/06/2017 11:52:45 PM None
20/06/2017 11:53:54 PM None
20/06/2017 11:53:56 PM Reading checkpoints
20/06/2017 11:53:56 PM Restoring parameters from checkpoint/celebA_64_64_64/celebA-dcgan.model-2
20/06/2017 11:53:56 PM Success finding celebA-dcgan.model-2
20/06/2017 11:55:18 PM None
20/06/2017 11:55:20 PM Reading checkpoints
20/06/2017 11:55:20 PM Restoring parameters from checkpoint/celebA_64_64_64/celebA-dcgan.model-2
20/06/2017 11:55:20 PM Success finding celebA-dcgan.model-2
20/06/2017 11:57:35 PM None
20/06/2017 11:57:38 PM Reading checkpoints
20/06/2017 11:57:38 PM Restoring parameters from checkpoint/celebA_64_64_64/celebA-dcgan.model-2
20/06/2017 11:57:39 PM Success finding celebA-dcgan.model-2
20/06/2017 11:58:30 PM None
20/06/2017 11:58:32 PM Reading checkpoints
20/06/2017 11:58:32 PM Restoring parameters from checkpoint/celebA_64_64_64/celebA-dcgan.model-2
20/06/2017 11:58:33 PM Success finding celebA-dcgan.model-2
20/06/2017 11:58:50 PM None
20/06/2017 11:58:52 PM Reading checkpoints
20/06/2017 11:58:52 PM Restoring parameters from checkpoint/celebA_64_64_64/celebA-dcgan.model-2
20/06/2017 11:58:52 PM Success finding celebA-dcgan.model-2
